2022-10-03T11:59:13+00:00 CRITICAL Uncaught Error: Call to a member function get_cart_contents_count() on null in /home/alshia5/public_html/wp-content/themes/razzi/template-parts/modals/cart.php:11
Stack trace:
#0 /home/alshia5/public_html/wp-includes/template.php(772): require()
#1 /home/alshia5/public_html/wp-includes/template.php(716): load_template('/home/alshia5/p...', false, Array)
#2 /home/alshia5/public_html/wp-includes/general-template.php(204): locate_template(Array, true, false, Array)
#3 /home/alshia5/public_html/wp-content/themes/razzi/inc/woocommerce/class-razzi-woo-modules-mini-cart.php(97): get_template_part('template-parts/...')
#4 /home/alshia5/public_html/wp-includes/class-wp-hook.php(307): Razzi\WooCommerce\Modules\Mini_Cart->cart_modal('')
#5 /home/alshia5/public_html/wp-includes/class-wp-hook.php(331): WP_Hook->apply_filters(NULL, Array)
#6 /home/alshia5/public_html/wp-includes/plugin.php(476): WP_Hook->do_action(Array)
#7 /home/alshia5/public_html/wp-includes/general-template.php(3058): do_action('wp_footer')
#8 /home/al in /home/alshia5/public_html/wp-content/themes/razzi/template-parts/modals/cart.php on line 11

2022-10-03T11:59:13+00:00 CRITICAL Uncaught Error: Call to a member function get_cart_contents_count() on null in /home/alshia5/public_html/wp-content/themes/razzi/template-parts/modals/cart.php:11
Stack trace:
#0 /home/alshia5/public_html/wp-includes/template.php(772): require()
#1 /home/alshia5/public_html/wp-includes/template.php(716): load_template('/home/alshia5/p...', false, Array)
#2 /home/alshia5/public_html/wp-includes/general-template.php(204): locate_template(Array, true, false, Array)
#3 /home/alshia5/public_html/wp-content/themes/razzi/inc/woocommerce/class-razzi-woo-modules-mini-cart.php(97): get_template_part('template-parts/...')
#4 /home/alshia5/public_html/wp-includes/class-wp-hook.php(307): Razzi\WooCommerce\Modules\Mini_Cart->cart_modal('')
#5 /home/alshia5/public_html/wp-includes/class-wp-hook.php(331): WP_Hook->apply_filters(NULL, Array)
#6 /home/alshia5/public_html/wp-includes/plugin.php(476): WP_Hook->do_action(Array)
#7 /home/alshia5/public_html/wp-includes/general-template.php(3058): do_action('wp_footer')
#8 /home/al in /home/alshia5/public_html/wp-content/themes/razzi/template-parts/modals/cart.php on line 11

2022-10-03T11:59:13+00:00 CRITICAL Uncaught Error: Call to a member function get_cart_contents_count() on null in /home/alshia5/public_html/wp-content/themes/razzi/template-parts/modals/cart.php:11
Stack trace:
#0 /home/alshia5/public_html/wp-includes/template.php(772): require()
#1 /home/alshia5/public_html/wp-includes/template.php(716): load_template('/home/alshia5/p...', false, Array)
#2 /home/alshia5/public_html/wp-includes/general-template.php(204): locate_template(Array, true, false, Array)
#3 /home/alshia5/public_html/wp-content/themes/razzi/inc/woocommerce/class-razzi-woo-modules-mini-cart.php(97): get_template_part('template-parts/...')
#4 /home/alshia5/public_html/wp-includes/class-wp-hook.php(307): Razzi\WooCommerce\Modules\Mini_Cart->cart_modal('')
#5 /home/alshia5/public_html/wp-includes/class-wp-hook.php(331): WP_Hook->apply_filters(NULL, Array)
#6 /home/alshia5/public_html/wp-includes/plugin.php(476): WP_Hook->do_action(Array)
#7 /home/alshia5/public_html/wp-includes/general-template.php(3058): do_action('wp_footer')
#8 /home/al in /home/alshia5/public_html/wp-content/themes/razzi/template-parts/modals/cart.php on line 11

2022-10-03T11:59:14+00:00 CRITICAL Uncaught Error: Call to a member function get_cart_contents_count() on null in /home/alshia5/public_html/wp-content/themes/razzi/template-parts/modals/cart.php:11
Stack trace:
#0 /home/alshia5/public_html/wp-includes/template.php(772): require()
#1 /home/alshia5/public_html/wp-includes/template.php(716): load_template('/home/alshia5/p...', false, Array)
#2 /home/alshia5/public_html/wp-includes/general-template.php(204): locate_template(Array, true, false, Array)
#3 /home/alshia5/public_html/wp-content/themes/razzi/inc/woocommerce/class-razzi-woo-modules-mini-cart.php(97): get_template_part('template-parts/...')
#4 /home/alshia5/public_html/wp-includes/class-wp-hook.php(307): Razzi\WooCommerce\Modules\Mini_Cart->cart_modal('')
#5 /home/alshia5/public_html/wp-includes/class-wp-hook.php(331): WP_Hook->apply_filters(NULL, Array)
#6 /home/alshia5/public_html/wp-includes/plugin.php(476): WP_Hook->do_action(Array)
#7 /home/alshia5/public_html/wp-includes/general-template.php(3058): do_action('wp_footer')
#8 /home/al in /home/alshia5/public_html/wp-content/themes/razzi/template-parts/modals/cart.php on line 11

2022-10-03T11:59:27+00:00 CRITICAL Uncaught Error: Call to a member function get_cart_contents_count() on null in /home/alshia5/public_html/wp-content/themes/razzi/template-parts/modals/cart.php:11
Stack trace:
#0 /home/alshia5/public_html/wp-includes/template.php(772): require()
#1 /home/alshia5/public_html/wp-includes/template.php(716): load_template('/home/alshia5/p...', false, Array)
#2 /home/alshia5/public_html/wp-includes/general-template.php(204): locate_template(Array, true, false, Array)
#3 /home/alshia5/public_html/wp-content/themes/razzi/inc/woocommerce/class-razzi-woo-modules-mini-cart.php(97): get_template_part('template-parts/...')
#4 /home/alshia5/public_html/wp-includes/class-wp-hook.php(307): Razzi\WooCommerce\Modules\Mini_Cart->cart_modal('')
#5 /home/alshia5/public_html/wp-includes/class-wp-hook.php(331): WP_Hook->apply_filters(NULL, Array)
#6 /home/alshia5/public_html/wp-includes/plugin.php(476): WP_Hook->do_action(Array)
#7 /home/alshia5/public_html/wp-includes/general-template.php(3058): do_action('wp_footer')
#8 /home/al in /home/alshia5/public_html/wp-content/themes/razzi/template-parts/modals/cart.php on line 11

2022-10-03T11:59:27+00:00 CRITICAL Uncaught Error: Call to a member function get_cart_contents_count() on null in /home/alshia5/public_html/wp-content/themes/razzi/template-parts/modals/cart.php:11
Stack trace:
#0 /home/alshia5/public_html/wp-includes/template.php(772): require()
#1 /home/alshia5/public_html/wp-includes/template.php(716): load_template('/home/alshia5/p...', false, Array)
#2 /home/alshia5/public_html/wp-includes/general-template.php(204): locate_template(Array, true, false, Array)
#3 /home/alshia5/public_html/wp-content/themes/razzi/inc/woocommerce/class-razzi-woo-modules-mini-cart.php(97): get_template_part('template-parts/...')
#4 /home/alshia5/public_html/wp-includes/class-wp-hook.php(307): Razzi\WooCommerce\Modules\Mini_Cart->cart_modal('')
#5 /home/alshia5/public_html/wp-includes/class-wp-hook.php(331): WP_Hook->apply_filters(NULL, Array)
#6 /home/alshia5/public_html/wp-includes/plugin.php(476): WP_Hook->do_action(Array)
#7 /home/alshia5/public_html/wp-includes/general-template.php(3058): do_action('wp_footer')
#8 /home/al in /home/alshia5/public_html/wp-content/themes/razzi/template-parts/modals/cart.php on line 11

2022-10-03T11:59:28+00:00 CRITICAL Uncaught Error: Call to a member function get_cart_contents_count() on null in /home/alshia5/public_html/wp-content/themes/razzi/template-parts/modals/cart.php:11
Stack trace:
#0 /home/alshia5/public_html/wp-includes/template.php(772): require()
#1 /home/alshia5/public_html/wp-includes/template.php(716): load_template('/home/alshia5/p...', false, Array)
#2 /home/alshia5/public_html/wp-includes/general-template.php(204): locate_template(Array, true, false, Array)
#3 /home/alshia5/public_html/wp-content/themes/razzi/inc/woocommerce/class-razzi-woo-modules-mini-cart.php(97): get_template_part('template-parts/...')
#4 /home/alshia5/public_html/wp-includes/class-wp-hook.php(307): Razzi\WooCommerce\Modules\Mini_Cart->cart_modal('')
#5 /home/alshia5/public_html/wp-includes/class-wp-hook.php(331): WP_Hook->apply_filters(NULL, Array)
#6 /home/alshia5/public_html/wp-includes/plugin.php(476): WP_Hook->do_action(Array)
#7 /home/alshia5/public_html/wp-includes/general-template.php(3058): do_action('wp_footer')
#8 /home/al in /home/alshia5/public_html/wp-content/themes/razzi/template-parts/modals/cart.php on line 11

2022-10-03T11:59:28+00:00 CRITICAL Uncaught Error: Call to a member function get_cart_contents_count() on null in /home/alshia5/public_html/wp-content/themes/razzi/template-parts/modals/cart.php:11
Stack trace:
#0 /home/alshia5/public_html/wp-includes/template.php(772): require()
#1 /home/alshia5/public_html/wp-includes/template.php(716): load_template('/home/alshia5/p...', false, Array)
#2 /home/alshia5/public_html/wp-includes/general-template.php(204): locate_template(Array, true, false, Array)
#3 /home/alshia5/public_html/wp-content/themes/razzi/inc/woocommerce/class-razzi-woo-modules-mini-cart.php(97): get_template_part('template-parts/...')
#4 /home/alshia5/public_html/wp-includes/class-wp-hook.php(307): Razzi\WooCommerce\Modules\Mini_Cart->cart_modal('')
#5 /home/alshia5/public_html/wp-includes/class-wp-hook.php(331): WP_Hook->apply_filters(NULL, Array)
#6 /home/alshia5/public_html/wp-includes/plugin.php(476): WP_Hook->do_action(Array)
#7 /home/alshia5/public_html/wp-includes/general-template.php(3058): do_action('wp_footer')
#8 /home/al in /home/alshia5/public_html/wp-content/themes/razzi/template-parts/modals/cart.php on line 11

2022-10-03T13:12:23+00:00 CRITICAL Uncaught Error: Call to a member function get_cart_contents_count() on null in /home/alshia5/public_html/wp-content/themes/razzi/template-parts/modals/cart.php:11
Stack trace:
#0 /home/alshia5/public_html/wp-includes/template.php(772): require()
#1 /home/alshia5/public_html/wp-includes/template.php(716): load_template('/home/alshia5/p...', false, Array)
#2 /home/alshia5/public_html/wp-includes/general-template.php(204): locate_template(Array, true, false, Array)
#3 /home/alshia5/public_html/wp-content/themes/razzi/inc/woocommerce/class-razzi-woo-modules-mini-cart.php(97): get_template_part('template-parts/...')
#4 /home/alshia5/public_html/wp-includes/class-wp-hook.php(307): Razzi\WooCommerce\Modules\Mini_Cart->cart_modal('')
#5 /home/alshia5/public_html/wp-includes/class-wp-hook.php(331): WP_Hook->apply_filters(NULL, Array)
#6 /home/alshia5/public_html/wp-includes/plugin.php(476): WP_Hook->do_action(Array)
#7 /home/alshia5/public_html/wp-includes/general-template.php(3058): do_action('wp_footer')
#8 /home/al in /home/alshia5/public_html/wp-content/themes/razzi/template-parts/modals/cart.php on line 11

2022-10-03T13:12:23+00:00 CRITICAL Uncaught Error: Call to a member function get_cart_contents_count() on null in /home/alshia5/public_html/wp-content/themes/razzi/template-parts/modals/cart.php:11
Stack trace:
#0 /home/alshia5/public_html/wp-includes/template.php(772): require()
#1 /home/alshia5/public_html/wp-includes/template.php(716): load_template('/home/alshia5/p...', false, Array)
#2 /home/alshia5/public_html/wp-includes/general-template.php(204): locate_template(Array, true, false, Array)
#3 /home/alshia5/public_html/wp-content/themes/razzi/inc/woocommerce/class-razzi-woo-modules-mini-cart.php(97): get_template_part('template-parts/...')
#4 /home/alshia5/public_html/wp-includes/class-wp-hook.php(307): Razzi\WooCommerce\Modules\Mini_Cart->cart_modal('')
#5 /home/alshia5/public_html/wp-includes/class-wp-hook.php(331): WP_Hook->apply_filters(NULL, Array)
#6 /home/alshia5/public_html/wp-includes/plugin.php(476): WP_Hook->do_action(Array)
#7 /home/alshia5/public_html/wp-includes/general-template.php(3058): do_action('wp_footer')
#8 /home/al in /home/alshia5/public_html/wp-content/themes/razzi/template-parts/modals/cart.php on line 11

2022-10-03T13:12:24+00:00 CRITICAL Uncaught Error: Call to a member function get_cart_contents_count() on null in /home/alshia5/public_html/wp-content/themes/razzi/template-parts/modals/cart.php:11
Stack trace:
#0 /home/alshia5/public_html/wp-includes/template.php(772): require()
#1 /home/alshia5/public_html/wp-includes/template.php(716): load_template('/home/alshia5/p...', false, Array)
#2 /home/alshia5/public_html/wp-includes/general-template.php(204): locate_template(Array, true, false, Array)
#3 /home/alshia5/public_html/wp-content/themes/razzi/inc/woocommerce/class-razzi-woo-modules-mini-cart.php(97): get_template_part('template-parts/...')
#4 /home/alshia5/public_html/wp-includes/class-wp-hook.php(307): Razzi\WooCommerce\Modules\Mini_Cart->cart_modal('')
#5 /home/alshia5/public_html/wp-includes/class-wp-hook.php(331): WP_Hook->apply_filters(NULL, Array)
#6 /home/alshia5/public_html/wp-includes/plugin.php(476): WP_Hook->do_action(Array)
#7 /home/alshia5/public_html/wp-includes/general-template.php(3058): do_action('wp_footer')
#8 /home/al in /home/alshia5/public_html/wp-content/themes/razzi/template-parts/modals/cart.php on line 11

2022-10-03T13:12:24+00:00 CRITICAL Uncaught Error: Call to a member function get_cart_contents_count() on null in /home/alshia5/public_html/wp-content/themes/razzi/template-parts/modals/cart.php:11
Stack trace:
#0 /home/alshia5/public_html/wp-includes/template.php(772): require()
#1 /home/alshia5/public_html/wp-includes/template.php(716): load_template('/home/alshia5/p...', false, Array)
#2 /home/alshia5/public_html/wp-includes/general-template.php(204): locate_template(Array, true, false, Array)
#3 /home/alshia5/public_html/wp-content/themes/razzi/inc/woocommerce/class-razzi-woo-modules-mini-cart.php(97): get_template_part('template-parts/...')
#4 /home/alshia5/public_html/wp-includes/class-wp-hook.php(307): Razzi\WooCommerce\Modules\Mini_Cart->cart_modal('')
#5 /home/alshia5/public_html/wp-includes/class-wp-hook.php(331): WP_Hook->apply_filters(NULL, Array)
#6 /home/alshia5/public_html/wp-includes/plugin.php(476): WP_Hook->do_action(Array)
#7 /home/alshia5/public_html/wp-includes/general-template.php(3058): do_action('wp_footer')
#8 /home/al in /home/alshia5/public_html/wp-content/themes/razzi/template-parts/modals/cart.php on line 11

2022-10-03T13:12:36+00:00 CRITICAL Uncaught Error: Call to a member function get_cart_contents_count() on null in /home/alshia5/public_html/wp-content/themes/razzi/template-parts/modals/cart.php:11
Stack trace:
#0 /home/alshia5/public_html/wp-includes/template.php(772): require()
#1 /home/alshia5/public_html/wp-includes/template.php(716): load_template('/home/alshia5/p...', false, Array)
#2 /home/alshia5/public_html/wp-includes/general-template.php(204): locate_template(Array, true, false, Array)
#3 /home/alshia5/public_html/wp-content/themes/razzi/inc/woocommerce/class-razzi-woo-modules-mini-cart.php(97): get_template_part('template-parts/...')
#4 /home/alshia5/public_html/wp-includes/class-wp-hook.php(307): Razzi\WooCommerce\Modules\Mini_Cart->cart_modal('')
#5 /home/alshia5/public_html/wp-includes/class-wp-hook.php(331): WP_Hook->apply_filters(NULL, Array)
#6 /home/alshia5/public_html/wp-includes/plugin.php(476): WP_Hook->do_action(Array)
#7 /home/alshia5/public_html/wp-includes/general-template.php(3058): do_action('wp_footer')
#8 /home/al in /home/alshia5/public_html/wp-content/themes/razzi/template-parts/modals/cart.php on line 11

2022-10-03T13:12:39+00:00 CRITICAL Uncaught Error: Call to a member function get_cart_contents_count() on null in /home/alshia5/public_html/wp-content/themes/razzi/template-parts/modals/cart.php:11
Stack trace:
#0 /home/alshia5/public_html/wp-includes/template.php(772): require()
#1 /home/alshia5/public_html/wp-includes/template.php(716): load_template('/home/alshia5/p...', false, Array)
#2 /home/alshia5/public_html/wp-includes/general-template.php(204): locate_template(Array, true, false, Array)
#3 /home/alshia5/public_html/wp-content/themes/razzi/inc/woocommerce/class-razzi-woo-modules-mini-cart.php(97): get_template_part('template-parts/...')
#4 /home/alshia5/public_html/wp-includes/class-wp-hook.php(307): Razzi\WooCommerce\Modules\Mini_Cart->cart_modal('')
#5 /home/alshia5/public_html/wp-includes/class-wp-hook.php(331): WP_Hook->apply_filters(NULL, Array)
#6 /home/alshia5/public_html/wp-includes/plugin.php(476): WP_Hook->do_action(Array)
#7 /home/alshia5/public_html/wp-includes/general-template.php(3058): do_action('wp_footer')
#8 /home/al in /home/alshia5/public_html/wp-content/themes/razzi/template-parts/modals/cart.php on line 11

2022-10-03T13:12:39+00:00 CRITICAL Uncaught Error: Call to a member function get_cart_contents_count() on null in /home/alshia5/public_html/wp-content/themes/razzi/template-parts/modals/cart.php:11
Stack trace:
#0 /home/alshia5/public_html/wp-includes/template.php(772): require()
#1 /home/alshia5/public_html/wp-includes/template.php(716): load_template('/home/alshia5/p...', false, Array)
#2 /home/alshia5/public_html/wp-includes/general-template.php(204): locate_template(Array, true, false, Array)
#3 /home/alshia5/public_html/wp-content/themes/razzi/inc/woocommerce/class-razzi-woo-modules-mini-cart.php(97): get_template_part('template-parts/...')
#4 /home/alshia5/public_html/wp-includes/class-wp-hook.php(307): Razzi\WooCommerce\Modules\Mini_Cart->cart_modal('')
#5 /home/alshia5/public_html/wp-includes/class-wp-hook.php(331): WP_Hook->apply_filters(NULL, Array)
#6 /home/alshia5/public_html/wp-includes/plugin.php(476): WP_Hook->do_action(Array)
#7 /home/alshia5/public_html/wp-includes/general-template.php(3058): do_action('wp_footer')
#8 /home/al in /home/alshia5/public_html/wp-content/themes/razzi/template-parts/modals/cart.php on line 11

2022-10-03T13:12:40+00:00 CRITICAL Uncaught Error: Call to a member function get_cart_contents_count() on null in /home/alshia5/public_html/wp-content/themes/razzi/template-parts/modals/cart.php:11
Stack trace:
#0 /home/alshia5/public_html/wp-includes/template.php(772): require()
#1 /home/alshia5/public_html/wp-includes/template.php(716): load_template('/home/alshia5/p...', false, Array)
#2 /home/alshia5/public_html/wp-includes/general-template.php(204): locate_template(Array, true, false, Array)
#3 /home/alshia5/public_html/wp-content/themes/razzi/inc/woocommerce/class-razzi-woo-modules-mini-cart.php(97): get_template_part('template-parts/...')
#4 /home/alshia5/public_html/wp-includes/class-wp-hook.php(307): Razzi\WooCommerce\Modules\Mini_Cart->cart_modal('')
#5 /home/alshia5/public_html/wp-includes/class-wp-hook.php(331): WP_Hook->apply_filters(NULL, Array)
#6 /home/alshia5/public_html/wp-includes/plugin.php(476): WP_Hook->do_action(Array)
#7 /home/alshia5/public_html/wp-includes/general-template.php(3058): do_action('wp_footer')
#8 /home/al in /home/alshia5/public_html/wp-content/themes/razzi/template-parts/modals/cart.php on line 11

2022-10-03T13:12:40+00:00 CRITICAL Uncaught Error: Call to a member function get_cart_contents_count() on null in /home/alshia5/public_html/wp-content/themes/razzi/template-parts/modals/cart.php:11
Stack trace:
#0 /home/alshia5/public_html/wp-includes/template.php(772): require()
#1 /home/alshia5/public_html/wp-includes/template.php(716): load_template('/home/alshia5/p...', false, Array)
#2 /home/alshia5/public_html/wp-includes/general-template.php(204): locate_template(Array, true, false, Array)
#3 /home/alshia5/public_html/wp-content/themes/razzi/inc/woocommerce/class-razzi-woo-modules-mini-cart.php(97): get_template_part('template-parts/...')
#4 /home/alshia5/public_html/wp-includes/class-wp-hook.php(307): Razzi\WooCommerce\Modules\Mini_Cart->cart_modal('')
#5 /home/alshia5/public_html/wp-includes/class-wp-hook.php(331): WP_Hook->apply_filters(NULL, Array)
#6 /home/alshia5/public_html/wp-includes/plugin.php(476): WP_Hook->do_action(Array)
#7 /home/alshia5/public_html/wp-includes/general-template.php(3058): do_action('wp_footer')
#8 /home/al in /home/alshia5/public_html/wp-content/themes/razzi/template-parts/modals/cart.php on line 11

2022-10-03T13:50:20+00:00 CRITICAL Uncaught Error: Call to a member function get_cart_contents_count() on null in /home/alshia5/public_html/wp-content/themes/razzi/template-parts/modals/cart.php:11
Stack trace:
#0 /home/alshia5/public_html/wp-includes/template.php(772): require()
#1 /home/alshia5/public_html/wp-includes/template.php(716): load_template('/home/alshia5/p...', false, Array)
#2 /home/alshia5/public_html/wp-includes/general-template.php(204): locate_template(Array, true, false, Array)
#3 /home/alshia5/public_html/wp-content/themes/razzi/inc/woocommerce/class-razzi-woo-modules-mini-cart.php(97): get_template_part('template-parts/...')
#4 /home/alshia5/public_html/wp-includes/class-wp-hook.php(307): Razzi\WooCommerce\Modules\Mini_Cart->cart_modal('')
#5 /home/alshia5/public_html/wp-includes/class-wp-hook.php(331): WP_Hook->apply_filters(NULL, Array)
#6 /home/alshia5/public_html/wp-includes/plugin.php(476): WP_Hook->do_action(Array)
#7 /home/alshia5/public_html/wp-includes/general-template.php(3058): do_action('wp_footer')
#8 /home/al in /home/alshia5/public_html/wp-content/themes/razzi/template-parts/modals/cart.php on line 11

2022-10-03T13:50:20+00:00 CRITICAL Uncaught Error: Call to a member function get_cart_contents_count() on null in /home/alshia5/public_html/wp-content/themes/razzi/template-parts/modals/cart.php:11
Stack trace:
#0 /home/alshia5/public_html/wp-includes/template.php(772): require()
#1 /home/alshia5/public_html/wp-includes/template.php(716): load_template('/home/alshia5/p...', false, Array)
#2 /home/alshia5/public_html/wp-includes/general-template.php(204): locate_template(Array, true, false, Array)
#3 /home/alshia5/public_html/wp-content/themes/razzi/inc/woocommerce/class-razzi-woo-modules-mini-cart.php(97): get_template_part('template-parts/...')
#4 /home/alshia5/public_html/wp-includes/class-wp-hook.php(307): Razzi\WooCommerce\Modules\Mini_Cart->cart_modal('')
#5 /home/alshia5/public_html/wp-includes/class-wp-hook.php(331): WP_Hook->apply_filters(NULL, Array)
#6 /home/alshia5/public_html/wp-includes/plugin.php(476): WP_Hook->do_action(Array)
#7 /home/alshia5/public_html/wp-includes/general-template.php(3058): do_action('wp_footer')
#8 /home/al in /home/alshia5/public_html/wp-content/themes/razzi/template-parts/modals/cart.php on line 11

2022-10-03T13:50:21+00:00 CRITICAL Uncaught Error: Call to a member function get_cart_contents_count() on null in /home/alshia5/public_html/wp-content/themes/razzi/template-parts/modals/cart.php:11
Stack trace:
#0 /home/alshia5/public_html/wp-includes/template.php(772): require()
#1 /home/alshia5/public_html/wp-includes/template.php(716): load_template('/home/alshia5/p...', false, Array)
#2 /home/alshia5/public_html/wp-includes/general-template.php(204): locate_template(Array, true, false, Array)
#3 /home/alshia5/public_html/wp-content/themes/razzi/inc/woocommerce/class-razzi-woo-modules-mini-cart.php(97): get_template_part('template-parts/...')
#4 /home/alshia5/public_html/wp-includes/class-wp-hook.php(307): Razzi\WooCommerce\Modules\Mini_Cart->cart_modal('')
#5 /home/alshia5/public_html/wp-includes/class-wp-hook.php(331): WP_Hook->apply_filters(NULL, Array)
#6 /home/alshia5/public_html/wp-includes/plugin.php(476): WP_Hook->do_action(Array)
#7 /home/alshia5/public_html/wp-includes/general-template.php(3058): do_action('wp_footer')
#8 /home/al in /home/alshia5/public_html/wp-content/themes/razzi/template-parts/modals/cart.php on line 11

2022-10-03T13:50:21+00:00 CRITICAL Uncaught Error: Call to a member function get_cart_contents_count() on null in /home/alshia5/public_html/wp-content/themes/razzi/template-parts/modals/cart.php:11
Stack trace:
#0 /home/alshia5/public_html/wp-includes/template.php(772): require()
#1 /home/alshia5/public_html/wp-includes/template.php(716): load_template('/home/alshia5/p...', false, Array)
#2 /home/alshia5/public_html/wp-includes/general-template.php(204): locate_template(Array, true, false, Array)
#3 /home/alshia5/public_html/wp-content/themes/razzi/inc/woocommerce/class-razzi-woo-modules-mini-cart.php(97): get_template_part('template-parts/...')
#4 /home/alshia5/public_html/wp-includes/class-wp-hook.php(307): Razzi\WooCommerce\Modules\Mini_Cart->cart_modal('')
#5 /home/alshia5/public_html/wp-includes/class-wp-hook.php(331): WP_Hook->apply_filters(NULL, Array)
#6 /home/alshia5/public_html/wp-includes/plugin.php(476): WP_Hook->do_action(Array)
#7 /home/alshia5/public_html/wp-includes/general-template.php(3058): do_action('wp_footer')
#8 /home/al in /home/alshia5/public_html/wp-content/themes/razzi/template-parts/modals/cart.php on line 11

2022-10-03T14:29:15+00:00 CRITICAL Uncaught Error: Call to a member function get_cart_contents_count() on null in /home/alshia5/public_html/wp-content/themes/razzi/template-parts/modals/cart.php:11
Stack trace:
#0 /home/alshia5/public_html/wp-includes/template.php(772): require()
#1 /home/alshia5/public_html/wp-includes/template.php(716): load_template('/home/alshia5/p...', false, Array)
#2 /home/alshia5/public_html/wp-includes/general-template.php(204): locate_template(Array, true, false, Array)
#3 /home/alshia5/public_html/wp-content/themes/razzi/inc/woocommerce/class-razzi-woo-modules-mini-cart.php(97): get_template_part('template-parts/...')
#4 /home/alshia5/public_html/wp-includes/class-wp-hook.php(307): Razzi\WooCommerce\Modules\Mini_Cart->cart_modal('')
#5 /home/alshia5/public_html/wp-includes/class-wp-hook.php(331): WP_Hook->apply_filters(NULL, Array)
#6 /home/alshia5/public_html/wp-includes/plugin.php(476): WP_Hook->do_action(Array)
#7 /home/alshia5/public_html/wp-includes/general-template.php(3058): do_action('wp_footer')
#8 /home/al in /home/alshia5/public_html/wp-content/themes/razzi/template-parts/modals/cart.php on line 11

2022-10-03T14:29:15+00:00 CRITICAL Uncaught Error: Call to a member function get_cart_contents_count() on null in /home/alshia5/public_html/wp-content/themes/razzi/template-parts/modals/cart.php:11
Stack trace:
#0 /home/alshia5/public_html/wp-includes/template.php(772): require()
#1 /home/alshia5/public_html/wp-includes/template.php(716): load_template('/home/alshia5/p...', false, Array)
#2 /home/alshia5/public_html/wp-includes/general-template.php(204): locate_template(Array, true, false, Array)
#3 /home/alshia5/public_html/wp-content/themes/razzi/inc/woocommerce/class-razzi-woo-modules-mini-cart.php(97): get_template_part('template-parts/...')
#4 /home/alshia5/public_html/wp-includes/class-wp-hook.php(307): Razzi\WooCommerce\Modules\Mini_Cart->cart_modal('')
#5 /home/alshia5/public_html/wp-includes/class-wp-hook.php(331): WP_Hook->apply_filters(NULL, Array)
#6 /home/alshia5/public_html/wp-includes/plugin.php(476): WP_Hook->do_action(Array)
#7 /home/alshia5/public_html/wp-includes/general-template.php(3058): do_action('wp_footer')
#8 /home/al in /home/alshia5/public_html/wp-content/themes/razzi/template-parts/modals/cart.php on line 11

2022-10-03T14:29:15+00:00 CRITICAL Uncaught Error: Call to a member function get_cart_contents_count() on null in /home/alshia5/public_html/wp-content/themes/razzi/template-parts/modals/cart.php:11
Stack trace:
#0 /home/alshia5/public_html/wp-includes/template.php(772): require()
#1 /home/alshia5/public_html/wp-includes/template.php(716): load_template('/home/alshia5/p...', false, Array)
#2 /home/alshia5/public_html/wp-includes/general-template.php(204): locate_template(Array, true, false, Array)
#3 /home/alshia5/public_html/wp-content/themes/razzi/inc/woocommerce/class-razzi-woo-modules-mini-cart.php(97): get_template_part('template-parts/...')
#4 /home/alshia5/public_html/wp-includes/class-wp-hook.php(307): Razzi\WooCommerce\Modules\Mini_Cart->cart_modal('')
#5 /home/alshia5/public_html/wp-includes/class-wp-hook.php(331): WP_Hook->apply_filters(NULL, Array)
#6 /home/alshia5/public_html/wp-includes/plugin.php(476): WP_Hook->do_action(Array)
#7 /home/alshia5/public_html/wp-includes/general-template.php(3058): do_action('wp_footer')
#8 /home/al in /home/alshia5/public_html/wp-content/themes/razzi/template-parts/modals/cart.php on line 11

2022-10-03T14:29:15+00:00 CRITICAL Uncaught Error: Call to a member function get_cart_contents_count() on null in /home/alshia5/public_html/wp-content/themes/razzi/template-parts/modals/cart.php:11
Stack trace:
#0 /home/alshia5/public_html/wp-includes/template.php(772): require()
#1 /home/alshia5/public_html/wp-includes/template.php(716): load_template('/home/alshia5/p...', false, Array)
#2 /home/alshia5/public_html/wp-includes/general-template.php(204): locate_template(Array, true, false, Array)
#3 /home/alshia5/public_html/wp-content/themes/razzi/inc/woocommerce/class-razzi-woo-modules-mini-cart.php(97): get_template_part('template-parts/...')
#4 /home/alshia5/public_html/wp-includes/class-wp-hook.php(307): Razzi\WooCommerce\Modules\Mini_Cart->cart_modal('')
#5 /home/alshia5/public_html/wp-includes/class-wp-hook.php(331): WP_Hook->apply_filters(NULL, Array)
#6 /home/alshia5/public_html/wp-includes/plugin.php(476): WP_Hook->do_action(Array)
#7 /home/alshia5/public_html/wp-includes/general-template.php(3058): do_action('wp_footer')
#8 /home/al in /home/alshia5/public_html/wp-content/themes/razzi/template-parts/modals/cart.php on line 11

2022-10-03T14:29:24+00:00 CRITICAL Uncaught Error: Call to a member function get_cart_contents_count() on null in /home/alshia5/public_html/wp-content/themes/razzi/template-parts/modals/cart.php:11
Stack trace:
#0 /home/alshia5/public_html/wp-includes/template.php(772): require()
#1 /home/alshia5/public_html/wp-includes/template.php(716): load_template('/home/alshia5/p...', false, Array)
#2 /home/alshia5/public_html/wp-includes/general-template.php(204): locate_template(Array, true, false, Array)
#3 /home/alshia5/public_html/wp-content/themes/razzi/inc/woocommerce/class-razzi-woo-modules-mini-cart.php(97): get_template_part('template-parts/...')
#4 /home/alshia5/public_html/wp-includes/class-wp-hook.php(307): Razzi\WooCommerce\Modules\Mini_Cart->cart_modal('')
#5 /home/alshia5/public_html/wp-includes/class-wp-hook.php(331): WP_Hook->apply_filters(NULL, Array)
#6 /home/alshia5/public_html/wp-includes/plugin.php(476): WP_Hook->do_action(Array)
#7 /home/alshia5/public_html/wp-includes/general-template.php(3058): do_action('wp_footer')
#8 /home/al in /home/alshia5/public_html/wp-content/themes/razzi/template-parts/modals/cart.php on line 11

2022-10-03T14:29:25+00:00 CRITICAL Uncaught Error: Call to a member function get_cart_contents_count() on null in /home/alshia5/public_html/wp-content/themes/razzi/template-parts/modals/cart.php:11
Stack trace:
#0 /home/alshia5/public_html/wp-includes/template.php(772): require()
#1 /home/alshia5/public_html/wp-includes/template.php(716): load_template('/home/alshia5/p...', false, Array)
#2 /home/alshia5/public_html/wp-includes/general-template.php(204): locate_template(Array, true, false, Array)
#3 /home/alshia5/public_html/wp-content/themes/razzi/inc/woocommerce/class-razzi-woo-modules-mini-cart.php(97): get_template_part('template-parts/...')
#4 /home/alshia5/public_html/wp-includes/class-wp-hook.php(307): Razzi\WooCommerce\Modules\Mini_Cart->cart_modal('')
#5 /home/alshia5/public_html/wp-includes/class-wp-hook.php(331): WP_Hook->apply_filters(NULL, Array)
#6 /home/alshia5/public_html/wp-includes/plugin.php(476): WP_Hook->do_action(Array)
#7 /home/alshia5/public_html/wp-includes/general-template.php(3058): do_action('wp_footer')
#8 /home/al in /home/alshia5/public_html/wp-content/themes/razzi/template-parts/modals/cart.php on line 11

2022-10-03T14:29:25+00:00 CRITICAL Uncaught Error: Call to a member function get_cart_contents_count() on null in /home/alshia5/public_html/wp-content/themes/razzi/template-parts/modals/cart.php:11
Stack trace:
#0 /home/alshia5/public_html/wp-includes/template.php(772): require()
#1 /home/alshia5/public_html/wp-includes/template.php(716): load_template('/home/alshia5/p...', false, Array)
#2 /home/alshia5/public_html/wp-includes/general-template.php(204): locate_template(Array, true, false, Array)
#3 /home/alshia5/public_html/wp-content/themes/razzi/inc/woocommerce/class-razzi-woo-modules-mini-cart.php(97): get_template_part('template-parts/...')
#4 /home/alshia5/public_html/wp-includes/class-wp-hook.php(307): Razzi\WooCommerce\Modules\Mini_Cart->cart_modal('')
#5 /home/alshia5/public_html/wp-includes/class-wp-hook.php(331): WP_Hook->apply_filters(NULL, Array)
#6 /home/alshia5/public_html/wp-includes/plugin.php(476): WP_Hook->do_action(Array)
#7 /home/alshia5/public_html/wp-includes/general-template.php(3058): do_action('wp_footer')
#8 /home/al in /home/alshia5/public_html/wp-content/themes/razzi/template-parts/modals/cart.php on line 11

2022-10-03T14:29:25+00:00 CRITICAL Uncaught Error: Call to a member function get_cart_contents_count() on null in /home/alshia5/public_html/wp-content/themes/razzi/template-parts/modals/cart.php:11
Stack trace:
#0 /home/alshia5/public_html/wp-includes/template.php(772): require()
#1 /home/alshia5/public_html/wp-includes/template.php(716): load_template('/home/alshia5/p...', false, Array)
#2 /home/alshia5/public_html/wp-includes/general-template.php(204): locate_template(Array, true, false, Array)
#3 /home/alshia5/public_html/wp-content/themes/razzi/inc/woocommerce/class-razzi-woo-modules-mini-cart.php(97): get_template_part('template-parts/...')
#4 /home/alshia5/public_html/wp-includes/class-wp-hook.php(307): Razzi\WooCommerce\Modules\Mini_Cart->cart_modal('')
#5 /home/alshia5/public_html/wp-includes/class-wp-hook.php(331): WP_Hook->apply_filters(NULL, Array)
#6 /home/alshia5/public_html/wp-includes/plugin.php(476): WP_Hook->do_action(Array)
#7 /home/alshia5/public_html/wp-includes/general-template.php(3058): do_action('wp_footer')
#8 /home/al in /home/alshia5/public_html/wp-content/themes/razzi/template-parts/modals/cart.php on line 11

2022-10-03T14:29:49+00:00 CRITICAL Uncaught Error: Call to a member function get_cart_contents_count() on null in /home/alshia5/public_html/wp-content/themes/razzi/template-parts/modals/cart.php:11
Stack trace:
#0 /home/alshia5/public_html/wp-includes/template.php(772): require()
#1 /home/alshia5/public_html/wp-includes/template.php(716): load_template('/home/alshia5/p...', false, Array)
#2 /home/alshia5/public_html/wp-includes/general-template.php(204): locate_template(Array, true, false, Array)
#3 /home/alshia5/public_html/wp-content/themes/razzi/inc/woocommerce/class-razzi-woo-modules-mini-cart.php(97): get_template_part('template-parts/...')
#4 /home/alshia5/public_html/wp-includes/class-wp-hook.php(307): Razzi\WooCommerce\Modules\Mini_Cart->cart_modal('')
#5 /home/alshia5/public_html/wp-includes/class-wp-hook.php(331): WP_Hook->apply_filters(NULL, Array)
#6 /home/alshia5/public_html/wp-includes/plugin.php(476): WP_Hook->do_action(Array)
#7 /home/alshia5/public_html/wp-includes/general-template.php(3058): do_action('wp_footer')
#8 /home/al in /home/alshia5/public_html/wp-content/themes/razzi/template-parts/modals/cart.php on line 11

2022-10-03T14:29:49+00:00 CRITICAL Uncaught Error: Call to a member function get_cart_contents_count() on null in /home/alshia5/public_html/wp-content/themes/razzi/template-parts/modals/cart.php:11
Stack trace:
#0 /home/alshia5/public_html/wp-includes/template.php(772): require()
#1 /home/alshia5/public_html/wp-includes/template.php(716): load_template('/home/alshia5/p...', false, Array)
#2 /home/alshia5/public_html/wp-includes/general-template.php(204): locate_template(Array, true, false, Array)
#3 /home/alshia5/public_html/wp-content/themes/razzi/inc/woocommerce/class-razzi-woo-modules-mini-cart.php(97): get_template_part('template-parts/...')
#4 /home/alshia5/public_html/wp-includes/class-wp-hook.php(307): Razzi\WooCommerce\Modules\Mini_Cart->cart_modal('')
#5 /home/alshia5/public_html/wp-includes/class-wp-hook.php(331): WP_Hook->apply_filters(NULL, Array)
#6 /home/alshia5/public_html/wp-includes/plugin.php(476): WP_Hook->do_action(Array)
#7 /home/alshia5/public_html/wp-includes/general-template.php(3058): do_action('wp_footer')
#8 /home/al in /home/alshia5/public_html/wp-content/themes/razzi/template-parts/modals/cart.php on line 11

2022-10-03T14:29:49+00:00 CRITICAL Uncaught Error: Call to a member function get_cart_contents_count() on null in /home/alshia5/public_html/wp-content/themes/razzi/template-parts/modals/cart.php:11
Stack trace:
#0 /home/alshia5/public_html/wp-includes/template.php(772): require()
#1 /home/alshia5/public_html/wp-includes/template.php(716): load_template('/home/alshia5/p...', false, Array)
#2 /home/alshia5/public_html/wp-includes/general-template.php(204): locate_template(Array, true, false, Array)
#3 /home/alshia5/public_html/wp-content/themes/razzi/inc/woocommerce/class-razzi-woo-modules-mini-cart.php(97): get_template_part('template-parts/...')
#4 /home/alshia5/public_html/wp-includes/class-wp-hook.php(307): Razzi\WooCommerce\Modules\Mini_Cart->cart_modal('')
#5 /home/alshia5/public_html/wp-includes/class-wp-hook.php(331): WP_Hook->apply_filters(NULL, Array)
#6 /home/alshia5/public_html/wp-includes/plugin.php(476): WP_Hook->do_action(Array)
#7 /home/alshia5/public_html/wp-includes/general-template.php(3058): do_action('wp_footer')
#8 /home/al in /home/alshia5/public_html/wp-content/themes/razzi/template-parts/modals/cart.php on line 11

2022-10-03T14:29:49+00:00 CRITICAL Uncaught Error: Call to a member function get_cart_contents_count() on null in /home/alshia5/public_html/wp-content/themes/razzi/template-parts/modals/cart.php:11
Stack trace:
#0 /home/alshia5/public_html/wp-includes/template.php(772): require()
#1 /home/alshia5/public_html/wp-includes/template.php(716): load_template('/home/alshia5/p...', false, Array)
#2 /home/alshia5/public_html/wp-includes/general-template.php(204): locate_template(Array, true, false, Array)
#3 /home/alshia5/public_html/wp-content/themes/razzi/inc/woocommerce/class-razzi-woo-modules-mini-cart.php(97): get_template_part('template-parts/...')
#4 /home/alshia5/public_html/wp-includes/class-wp-hook.php(307): Razzi\WooCommerce\Modules\Mini_Cart->cart_modal('')
#5 /home/alshia5/public_html/wp-includes/class-wp-hook.php(331): WP_Hook->apply_filters(NULL, Array)
#6 /home/alshia5/public_html/wp-includes/plugin.php(476): WP_Hook->do_action(Array)
#7 /home/alshia5/public_html/wp-includes/general-template.php(3058): do_action('wp_footer')
#8 /home/al in /home/alshia5/public_html/wp-content/themes/razzi/template-parts/modals/cart.php on line 11

2022-10-03T14:30:13+00:00 CRITICAL Uncaught Error: Call to a member function get_cart_contents_count() on null in /home/alshia5/public_html/wp-content/themes/razzi/template-parts/modals/cart.php:11
Stack trace:
#0 /home/alshia5/public_html/wp-includes/template.php(772): require()
#1 /home/alshia5/public_html/wp-includes/template.php(716): load_template('/home/alshia5/p...', false, Array)
#2 /home/alshia5/public_html/wp-includes/general-template.php(204): locate_template(Array, true, false, Array)
#3 /home/alshia5/public_html/wp-content/themes/razzi/inc/woocommerce/class-razzi-woo-modules-mini-cart.php(97): get_template_part('template-parts/...')
#4 /home/alshia5/public_html/wp-includes/class-wp-hook.php(307): Razzi\WooCommerce\Modules\Mini_Cart->cart_modal('')
#5 /home/alshia5/public_html/wp-includes/class-wp-hook.php(331): WP_Hook->apply_filters(NULL, Array)
#6 /home/alshia5/public_html/wp-includes/plugin.php(476): WP_Hook->do_action(Array)
#7 /home/alshia5/public_html/wp-includes/general-template.php(3058): do_action('wp_footer')
#8 /home/al in /home/alshia5/public_html/wp-content/themes/razzi/template-parts/modals/cart.php on line 11

2022-10-03T14:30:13+00:00 CRITICAL Uncaught Error: Call to a member function get_cart_contents_count() on null in /home/alshia5/public_html/wp-content/themes/razzi/template-parts/modals/cart.php:11
Stack trace:
#0 /home/alshia5/public_html/wp-includes/template.php(772): require()
#1 /home/alshia5/public_html/wp-includes/template.php(716): load_template('/home/alshia5/p...', false, Array)
#2 /home/alshia5/public_html/wp-includes/general-template.php(204): locate_template(Array, true, false, Array)
#3 /home/alshia5/public_html/wp-content/themes/razzi/inc/woocommerce/class-razzi-woo-modules-mini-cart.php(97): get_template_part('template-parts/...')
#4 /home/alshia5/public_html/wp-includes/class-wp-hook.php(307): Razzi\WooCommerce\Modules\Mini_Cart->cart_modal('')
#5 /home/alshia5/public_html/wp-includes/class-wp-hook.php(331): WP_Hook->apply_filters(NULL, Array)
#6 /home/alshia5/public_html/wp-includes/plugin.php(476): WP_Hook->do_action(Array)
#7 /home/alshia5/public_html/wp-includes/general-template.php(3058): do_action('wp_footer')
#8 /home/al in /home/alshia5/public_html/wp-content/themes/razzi/template-parts/modals/cart.php on line 11

2022-10-03T14:30:13+00:00 CRITICAL Uncaught Error: Call to a member function get_cart_contents_count() on null in /home/alshia5/public_html/wp-content/themes/razzi/template-parts/modals/cart.php:11
Stack trace:
#0 /home/alshia5/public_html/wp-includes/template.php(772): require()
#1 /home/alshia5/public_html/wp-includes/template.php(716): load_template('/home/alshia5/p...', false, Array)
#2 /home/alshia5/public_html/wp-includes/general-template.php(204): locate_template(Array, true, false, Array)
#3 /home/alshia5/public_html/wp-content/themes/razzi/inc/woocommerce/class-razzi-woo-modules-mini-cart.php(97): get_template_part('template-parts/...')
#4 /home/alshia5/public_html/wp-includes/class-wp-hook.php(307): Razzi\WooCommerce\Modules\Mini_Cart->cart_modal('')
#5 /home/alshia5/public_html/wp-includes/class-wp-hook.php(331): WP_Hook->apply_filters(NULL, Array)
#6 /home/alshia5/public_html/wp-includes/plugin.php(476): WP_Hook->do_action(Array)
#7 /home/alshia5/public_html/wp-includes/general-template.php(3058): do_action('wp_footer')
#8 /home/al in /home/alshia5/public_html/wp-content/themes/razzi/template-parts/modals/cart.php on line 11

2022-10-03T14:30:13+00:00 CRITICAL Uncaught Error: Call to a member function get_cart_contents_count() on null in /home/alshia5/public_html/wp-content/themes/razzi/template-parts/modals/cart.php:11
Stack trace:
#0 /home/alshia5/public_html/wp-includes/template.php(772): require()
#1 /home/alshia5/public_html/wp-includes/template.php(716): load_template('/home/alshia5/p...', false, Array)
#2 /home/alshia5/public_html/wp-includes/general-template.php(204): locate_template(Array, true, false, Array)
#3 /home/alshia5/public_html/wp-content/themes/razzi/inc/woocommerce/class-razzi-woo-modules-mini-cart.php(97): get_template_part('template-parts/...')
#4 /home/alshia5/public_html/wp-includes/class-wp-hook.php(307): Razzi\WooCommerce\Modules\Mini_Cart->cart_modal('')
#5 /home/alshia5/public_html/wp-includes/class-wp-hook.php(331): WP_Hook->apply_filters(NULL, Array)
#6 /home/alshia5/public_html/wp-includes/plugin.php(476): WP_Hook->do_action(Array)
#7 /home/alshia5/public_html/wp-includes/general-template.php(3058): do_action('wp_footer')
#8 /home/al in /home/alshia5/public_html/wp-content/themes/razzi/template-parts/modals/cart.php on line 11

