2022-10-11T15:22:36+00:00 CRITICAL Uncaught Error: Cannot use object of type stdClass as array in /home/alshia5/public_html/wp-content/plugins/wp-sms/includes/gateways/class-wpsms-gateway-unifonic.php:118
Stack trace:
#0 /home/alshia5/public_html/wp-content/plugins/wp-sms-pro/includes/integrations/woocommerce/class-wpsms-pro-woocommerce-otp.php(220): WP_SMS\Gateway\unifonic->SendSMS()
#1 /home/alshia5/public_html/wp-includes/class-wp-hook.php(307): WP_SMS\Pro\WooCommerce\Otp->processVerificationAjaxHandler('')
#2 /home/alshia5/public_html/wp-includes/class-wp-hook.php(331): WP_Hook->apply_filters('', Array)
#3 /home/alshia5/public_html/wp-includes/plugin.php(476): WP_Hook->do_action(Array)
#4 /home/alshia5/public_html/wp-admin/admin-ajax.php(202): do_action('wp_ajax_nopriv_...')
#5 {main}
  thrown in /home/alshia5/public_html/wp-content/plugins/wp-sms/includes/gateways/class-wpsms-gateway-unifonic.php on line 118

2022-10-11T15:24:06+00:00 CRITICAL Uncaught Error: Cannot use object of type stdClass as array in /home/alshia5/public_html/wp-content/plugins/wp-sms/includes/gateways/class-wpsms-gateway-unifonic.php:118
Stack trace:
#0 /home/alshia5/public_html/wp-content/plugins/wp-sms-pro/includes/integrations/woocommerce/class-wpsms-pro-woocommerce-otp.php(220): WP_SMS\Gateway\unifonic->SendSMS()
#1 /home/alshia5/public_html/wp-includes/class-wp-hook.php(307): WP_SMS\Pro\WooCommerce\Otp->processVerificationAjaxHandler('')
#2 /home/alshia5/public_html/wp-includes/class-wp-hook.php(331): WP_Hook->apply_filters('', Array)
#3 /home/alshia5/public_html/wp-includes/plugin.php(476): WP_Hook->do_action(Array)
#4 /home/alshia5/public_html/wp-admin/admin-ajax.php(202): do_action('wp_ajax_nopriv_...')
#5 {main}
  thrown in /home/alshia5/public_html/wp-content/plugins/wp-sms/includes/gateways/class-wpsms-gateway-unifonic.php on line 118

2022-10-11T15:24:20+00:00 CRITICAL Uncaught Error: Cannot use object of type stdClass as array in /home/alshia5/public_html/wp-content/plugins/wp-sms/includes/gateways/class-wpsms-gateway-unifonic.php:118
Stack trace:
#0 /home/alshia5/public_html/wp-content/plugins/wp-sms-pro/includes/integrations/woocommerce/class-wpsms-pro-woocommerce-otp.php(220): WP_SMS\Gateway\unifonic->SendSMS()
#1 /home/alshia5/public_html/wp-includes/class-wp-hook.php(307): WP_SMS\Pro\WooCommerce\Otp->processVerificationAjaxHandler('')
#2 /home/alshia5/public_html/wp-includes/class-wp-hook.php(331): WP_Hook->apply_filters('', Array)
#3 /home/alshia5/public_html/wp-includes/plugin.php(476): WP_Hook->do_action(Array)
#4 /home/alshia5/public_html/wp-admin/admin-ajax.php(202): do_action('wp_ajax_nopriv_...')
#5 {main}
  thrown in /home/alshia5/public_html/wp-content/plugins/wp-sms/includes/gateways/class-wpsms-gateway-unifonic.php on line 118

2022-10-11T15:34:16+00:00 CRITICAL Uncaught Error: Cannot use object of type stdClass as array in /home/alshia5/public_html/wp-content/plugins/wp-sms/includes/gateways/class-wpsms-gateway-unifonic.php:118
Stack trace:
#0 /home/alshia5/public_html/wp-content/plugins/wp-sms-pro/includes/integrations/woocommerce/class-wpsms-pro-woocommerce-otp.php(220): WP_SMS\Gateway\unifonic->SendSMS()
#1 /home/alshia5/public_html/wp-includes/class-wp-hook.php(307): WP_SMS\Pro\WooCommerce\Otp->processVerificationAjaxHandler('')
#2 /home/alshia5/public_html/wp-includes/class-wp-hook.php(331): WP_Hook->apply_filters('', Array)
#3 /home/alshia5/public_html/wp-includes/plugin.php(476): WP_Hook->do_action(Array)
#4 /home/alshia5/public_html/wp-admin/admin-ajax.php(202): do_action('wp_ajax_nopriv_...')
#5 {main}
  thrown in /home/alshia5/public_html/wp-content/plugins/wp-sms/includes/gateways/class-wpsms-gateway-unifonic.php on line 118

2022-10-11T15:39:03+00:00 CRITICAL Uncaught Error: Cannot use object of type stdClass as array in /home/alshia5/public_html/wp-content/plugins/wp-sms/includes/gateways/class-wpsms-gateway-unifonic.php:118
Stack trace:
#0 /home/alshia5/public_html/wp-content/plugins/wp-sms-pro/includes/integrations/woocommerce/class-wpsms-pro-woocommerce-otp.php(220): WP_SMS\Gateway\unifonic->SendSMS()
#1 /home/alshia5/public_html/wp-includes/class-wp-hook.php(307): WP_SMS\Pro\WooCommerce\Otp->processVerificationAjaxHandler('')
#2 /home/alshia5/public_html/wp-includes/class-wp-hook.php(331): WP_Hook->apply_filters('', Array)
#3 /home/alshia5/public_html/wp-includes/plugin.php(476): WP_Hook->do_action(Array)
#4 /home/alshia5/public_html/wp-admin/admin-ajax.php(202): do_action('wp_ajax_nopriv_...')
#5 {main}
  thrown in /home/alshia5/public_html/wp-content/plugins/wp-sms/includes/gateways/class-wpsms-gateway-unifonic.php on line 118

2022-10-11T15:39:19+00:00 CRITICAL Uncaught Error: Cannot use object of type stdClass as array in /home/alshia5/public_html/wp-content/plugins/wp-sms/includes/gateways/class-wpsms-gateway-unifonic.php:118
Stack trace:
#0 /home/alshia5/public_html/wp-content/plugins/wp-sms-pro/includes/integrations/woocommerce/class-wpsms-pro-woocommerce-otp.php(220): WP_SMS\Gateway\unifonic->SendSMS()
#1 /home/alshia5/public_html/wp-includes/class-wp-hook.php(307): WP_SMS\Pro\WooCommerce\Otp->processVerificationAjaxHandler('')
#2 /home/alshia5/public_html/wp-includes/class-wp-hook.php(331): WP_Hook->apply_filters('', Array)
#3 /home/alshia5/public_html/wp-includes/plugin.php(476): WP_Hook->do_action(Array)
#4 /home/alshia5/public_html/wp-admin/admin-ajax.php(202): do_action('wp_ajax_nopriv_...')
#5 {main}
  thrown in /home/alshia5/public_html/wp-content/plugins/wp-sms/includes/gateways/class-wpsms-gateway-unifonic.php on line 118

2022-10-11T15:43:13+00:00 CRITICAL Uncaught Error: Cannot use object of type stdClass as array in /home/alshia5/public_html/wp-content/plugins/wp-sms/includes/gateways/class-wpsms-gateway-unifonic.php:118
Stack trace:
#0 /home/alshia5/public_html/wp-content/plugins/wp-sms-pro/includes/integrations/woocommerce/class-wpsms-pro-woocommerce-otp.php(220): WP_SMS\Gateway\unifonic->SendSMS()
#1 /home/alshia5/public_html/wp-includes/class-wp-hook.php(307): WP_SMS\Pro\WooCommerce\Otp->processVerificationAjaxHandler('')
#2 /home/alshia5/public_html/wp-includes/class-wp-hook.php(331): WP_Hook->apply_filters('', Array)
#3 /home/alshia5/public_html/wp-includes/plugin.php(476): WP_Hook->do_action(Array)
#4 /home/alshia5/public_html/wp-admin/admin-ajax.php(202): do_action('wp_ajax_nopriv_...')
#5 {main}
  thrown in /home/alshia5/public_html/wp-content/plugins/wp-sms/includes/gateways/class-wpsms-gateway-unifonic.php on line 118

